<?xml version="1.0" encoding="UTF-8"?>
<!-- Generated by org.testng.reporters.JUnitXMLReporter -->
<testsuite ignored="2" hostname="LTIN242629" failures="0" tests="1" name="Test" time="44.903" errors="0" timestamp="2024-02-14T16:39:00 IST">
  <testcase classname="testCases.TC_002" name="secondcase" time="14.783"/>
  <testcase classname="testCases.TC_001" name="SearchServices" time="0.0">
    <ignored/>
  </testcase> <!-- SearchServices -->
  <testcase classname="testCases.TC_003" name="thirdcase" time="0.0">
    <ignored/>
  </testcase> <!-- thirdcase -->
</testsuite> <!-- Test -->
