<?xml version="1.0" encoding="UTF-8"?>
<!-- Generated by org.testng.reporters.JUnitXMLReporter -->
<testsuite ignored="2" hostname="LTIN242629" failures="0" tests="1" name="Test" time="42.909" errors="0" timestamp="2024-02-14T17:32:18 IST">
  <testcase classname="testCases.TC_003" name="thirdcase" time="6.97"/>
  <testcase classname="testCases.TC_001" name="SearchServices" time="0.0">
    <ignored/>
  </testcase> <!-- SearchServices -->
  <testcase classname="testCases.TC_002" name="secondcase" time="0.0">
    <ignored/>
  </testcase> <!-- secondcase -->
</testsuite> <!-- Test -->
