<?xml version="1.0" encoding="UTF-8"?>
<testng-results ignored="0" total="1" passed="1" failed="0" skipped="0">
  <reporter-output>
  </reporter-output>
  <suite started-at="2024-02-14T17:31:27 IST" name="Suite" finished-at="2024-02-14T17:32:10 IST" duration-ms="42909">
    <groups>
      <group name="hotels">
        <method signature="TC_003.thirdcase()[pri:9, instance:testCases.TC_003@6c64cb25]" name="thirdcase" class="testCases.TC_003"/>
      </group> <!-- hotels -->
    </groups>
    <test started-at="2024-02-14T17:31:27 IST" name="Test" finished-at="2024-02-14T17:32:10 IST" duration-ms="42909">
      <class name="testCases.TC_003">
        <test-method is-config="true" signature="setup(java.lang.String,java.lang.String)[pri:0, instance:testCases.TC_003@6c64cb25]" started-at="2024-02-14T17:31:27 IST" name="setup" finished-at="2024-02-14T17:31:51 IST" duration-ms="24195" status="PASS">
          <params>
            <param index="0">
              <value>
                <![CDATA[window]]>
              </value>
            </param>
            <param index="1">
              <value>
                <![CDATA[chrome]]>
              </value>
            </param>
          </params>
          <reporter-output>
          </reporter-output>
        </test-method> <!-- setup -->
        <test-method signature="thirdcase()[pri:9, instance:testCases.TC_003@6c64cb25]" started-at="2024-02-14T17:31:51 IST" name="thirdcase" finished-at="2024-02-14T17:31:58 IST" duration-ms="6970" status="PASS">
          <reporter-output>
          </reporter-output>
        </test-method> <!-- thirdcase -->
        <test-method is-config="true" signature="teardown()[pri:0, instance:testCases.TC_003@6c64cb25]" started-at="2024-02-14T17:31:58 IST" name="teardown" finished-at="2024-02-14T17:32:10 IST" duration-ms="11248" status="PASS">
          <reporter-output>
          </reporter-output>
        </test-method> <!-- teardown -->
      </class> <!-- testCases.TC_003 -->
    </test> <!-- Test -->
  </suite> <!-- Suite -->
</testng-results>
