<?xml version="1.0" encoding="UTF-8"?>
<testng-results ignored="0" total="1" passed="1" failed="0" skipped="0">
  <reporter-output>
  </reporter-output>
  <suite started-at="2024-02-14T16:38:08 IST" name="Suite" finished-at="2024-02-14T16:38:53 IST" duration-ms="44903">
    <groups>
      <group name="giftcards">
        <method signature="TC_002.secondcase()[pri:8, instance:testCases.TC_002@4c402120]" name="secondcase" class="testCases.TC_002"/>
      </group> <!-- giftcards -->
    </groups>
    <test started-at="2024-02-14T16:38:08 IST" name="Test" finished-at="2024-02-14T16:38:53 IST" duration-ms="44903">
      <class name="testCases.TC_002">
        <test-method is-config="true" signature="setup(java.lang.String,java.lang.String)[pri:0, instance:testCases.TC_002@4c402120]" started-at="2024-02-14T16:38:08 IST" name="setup" finished-at="2024-02-14T16:38:27 IST" duration-ms="18559" status="PASS">
          <params>
            <param index="0">
              <value>
                <![CDATA[window]]>
              </value>
            </param>
            <param index="1">
              <value>
                <![CDATA[chrome]]>
              </value>
            </param>
          </params>
          <reporter-output>
          </reporter-output>
        </test-method> <!-- setup -->
        <test-method signature="secondcase()[pri:8, instance:testCases.TC_002@4c402120]" started-at="2024-02-14T16:38:27 IST" name="secondcase" finished-at="2024-02-14T16:38:42 IST" duration-ms="14783" status="PASS">
          <reporter-output>
          </reporter-output>
        </test-method> <!-- secondcase -->
        <test-method is-config="true" signature="teardown()[pri:0, instance:testCases.TC_002@4c402120]" started-at="2024-02-14T16:38:42 IST" name="teardown" finished-at="2024-02-14T16:38:53 IST" duration-ms="11112" status="PASS">
          <reporter-output>
          </reporter-output>
        </test-method> <!-- teardown -->
      </class> <!-- testCases.TC_002 -->
    </test> <!-- Test -->
  </suite> <!-- Suite -->
</testng-results>
